<?xml version="1.0" encoding="UTF-8"?>
<!-- Generated by org.testng.reporters.JUnitReportReporter -->
<testsuite hostname="cl4n4y1-khuang" failures="0" tests="8" name="test.Test_NavData_ENG" time="3.012" errors="1" timestamp="2021-09-10T12:23:47 CST" skipped="7">
  <testcase classname="test.Test_NavData_ENG" name="test_Step07_PolicyMenu_Top_ENG" time="0.000">
    <skipped/>
  </testcase> <!-- test_Step07_PolicyMenu_Top_ENG -->
  <system-out/>
  <testcase classname="test.Test_NavData_ENG" name="test_Step03_MonitorMenu_Top_ENG" time="0.000">
    <skipped/>
  </testcase> <!-- test_Step03_MonitorMenu_Top_ENG -->
  <system-out/>
  <testcase classname="test.Test_NavData_ENG" name="beforeClass" time="3.012">
    <error message="C:\Users\khuang\eclipse-workspace\Gen7\Data\IP\Box_IP.xls (The system cannot find the path specified)" type="java.io.FileNotFoundException">
      <![CDATA[java.io.FileNotFoundException: C:\Users\khuang\eclipse-workspace\Gen7\Data\IP\Box_IP.xls (The system cannot find the path specified)
at java.base/java.io.FileInputStream.open0(Native Method)
at java.base/java.io.FileInputStream.open(FileInputStream.java:211)
at java.base/java.io.FileInputStream.<init>(FileInputStream.java:153)
at java.base/java.io.FileInputStream.<init>(FileInputStream.java:108)
at test.Test_NavData_ENG.box_IP_ENG(Test_NavData_ENG.java:37)
at test.Test_NavData_ENG.beforeClass(Test_NavData_ENG.java:57)
at java.base/jdk.internal.reflect.NativeMethodAccessorImpl.invoke0(Native Method)
at java.base/jdk.internal.reflect.NativeMethodAccessorImpl.invoke(NativeMethodAccessorImpl.java:78)
at java.base/jdk.internal.reflect.DelegatingMethodAccessorImpl.invoke(DelegatingMethodAccessorImpl.java:43)
at java.base/java.lang.reflect.Method.invoke(Method.java:567)
at org.testng.internal.MethodInvocationHelper.invokeMethod(MethodInvocationHelper.java:133)
at org.testng.internal.MethodInvocationHelper.invokeMethodConsideringTimeout(MethodInvocationHelper.java:62)
at org.testng.internal.ConfigInvoker.invokeConfigurationMethod(ConfigInvoker.java:385)
at org.testng.internal.ConfigInvoker.invokeConfigurations(ConfigInvoker.java:321)
at org.testng.internal.TestMethodWorker.invokeBeforeClassMethods(TestMethodWorker.java:176)
at org.testng.internal.TestMethodWorker.run(TestMethodWorker.java:122)
at java.base/java.util.concurrent.ThreadPoolExecutor.runWorker(ThreadPoolExecutor.java:1130)
at java.base/java.util.concurrent.ThreadPoolExecutor$Worker.run(ThreadPoolExecutor.java:630)
at java.base/java.lang.Thread.run(Thread.java:831)
]]>
    </error>
  </testcase> <!-- beforeClass -->
  <system-out/>
  <testcase classname="test.Test_NavData_ENG" name="test_Step05_NetworkMenu_Top_ENG" time="0.000">
    <skipped/>
  </testcase> <!-- test_Step05_NetworkMenu_Top_ENG -->
  <system-out/>
  <testcase classname="test.Test_NavData_ENG" name="test_Step06_ObjectMenu_Top_ENG" time="0.000">
    <skipped/>
  </testcase> <!-- test_Step06_ObjectMenu_Top_ENG -->
  <system-out/>
  <testcase classname="test.Test_NavData_ENG" name="test_Step04_DeviceMenu_Top_ENG" time="0.000">
    <skipped/>
  </testcase> <!-- test_Step04_DeviceMenu_Top_ENG -->
  <system-out/>
  <testcase classname="test.Test_NavData_ENG" name="test_Step01_Login_ENG" time="0.000">
    <skipped/>
  </testcase> <!-- test_Step01_Login_ENG -->
  <system-out/>
  <testcase classname="test.Test_NavData_ENG" name="test_Step02_HomeMenu_Top_ENG" time="0.000">
    <skipped/>
  </testcase> <!-- test_Step02_HomeMenu_Top_ENG -->
  <system-out/>
</testsuite> <!-- test.Test_NavData_ENG -->
